<?xml version="1.0" encoding="UTF-8"?>
<!-- Generated by org.testng.reporters.JUnitReportReporter -->
<testsuite hostname="DESKTOP-FGGCQ7V" failures="0" tests="1" name="demoPack.MyPrintClass" time="0.033" errors="0" timestamp="2023-04-28T07:12:17 IST" skipped="0">
  <testcase classname="demoPack.MyPrintClass" name="printSomeDemo" time="0.033"/>
  <system-out/>
</testsuite> <!-- demoPack.MyPrintClass -->
